[case-003-full-refund] deploy: evidence preflight OK (all four sources reachable)
[case-003-full-refund] deploy: 30157 bytes as deployer
[case-003-full-refund] deploy: tx 0xd75a52684f0c47d6cc8f99e401b7ab5a39e5eaa40510198977b607cc10c63a20
[case-003-full-refund] deploy: contract 0x7EA49E783B4839a20c39F77FFe62b3beF10195b7
[case-003-full-refund] state: AWAITING_FUNDING
[case-003-full-refund] 01-fund: fund as deployer (0xf39Fd6e51aad88F6F4ce6aB8827279cffFb92266) value=100000000000000000
GenLayer RPC error (eth_sendRawTransaction): server returned an error response: error code -32603: Node is not currently accepting transactions: pipeline backpressure (l1_sender_commit).
[case-003-full-refund] 01-fund: node refused submission (1/6), retrying in 20s — An internal error was received.
GenLayer RPC error (eth_sendRawTransaction): Node is not currently accepting transactions: pipeline backpressure (l1_sender_commit).
[case-003-full-refund] 01-fund: node refused submission (2/6), retrying in 40s — An internal error was received.
GenLayer RPC error (eth_sendRawTransaction): server returned an error response: error code -32603: Node is not currently accepting transactions: pipeline backpressure (l1_sender_commit).
[case-003-full-refund] 01-fund: node refused submission (3/6), retrying in 80s — An internal error was received.
GenLayer RPC error (eth_sendRawTransaction): Node is not currently accepting transactions: pipeline backpressure (l1_sender_commit).
[case-003-full-refund] 01-fund: node refused submission (4/6), retrying in 160s — An internal error was received.
[case-003-full-refund] 01-fund: tx 0x042280f96e52ba33f75589c175f04fde757d672866efe0212553ef99ddff3c41
[case-003-full-refund] 01-fund: consensus=ACCEPTED/AGREE exec=FINISHED_WITH_RETURN votes={"AGREE":5} -> SUCCESS
[case-003-full-refund] state: AWAITING_PROVIDER_ACCEPTANCE
[case-003-full-refund] 02-accept-sla: accept_sla as provider (0x06BBFc5F5A06953fFDB117DB376302d6Bd80eBdc)
GenLayer RPC error (eth_sendRawTransaction): server returned an error response: error code -32603: Node is not currently accepting transactions: pipeline backpressure (l1_sender_commit).
[case-003-full-refund] 02-accept-sla: node refused submission (1/6), retrying in 20s — An internal error was received.
[case-003-full-refund] 02-accept-sla: tx 0xcc0c8620c7d8e165d7d042cd260dc4ddf85d5995ce90f70ccb9b10e59d6867fc
[case-003-full-refund] 02-accept-sla: consensus=ACCEPTED/AGREE exec=FINISHED_WITH_RETURN votes={"AGREE":5} -> SUCCESS
[case-003-full-refund] state: ACTIVE
[case-003-full-refund] 03-open-dispute: open_dispute as deployer (0xf39Fd6e51aad88F6F4ce6aB8827279cffFb92266)
GenLayer RPC error (eth_sendRawTransaction): server returned an error response: error code -32603: Node is not currently accepting transactions: pipeline backpressure (l1_sender_commit).
[case-003-full-refund] 03-open-dispute: node refused submission (1/6), retrying in 20s — An internal error was received.
GenLayer RPC error (eth_sendRawTransaction): Node is not currently accepting transactions: pipeline backpressure (l1_sender_commit).
[case-003-full-refund] 03-open-dispute: node refused submission (2/6), retrying in 40s — An internal error was received.
[case-003-full-refund] 03-open-dispute: tx 0x7d171a6127a91568df05d6f914722d8f96bfe23cd45cd1f3f50d4bfffe9bfd94
